D:\Program Files (x86)\Visual Studio\Common7\IDE\VC\VCTargets\Microsoft.CppBuild.targets(376,5): warning MSB8004: Intermediate Directory does not end with a trailing slash.  This build instance will add the slash as it is required to allow proper evaluation of the Intermediate Directory.
  raudio.c
d:\raylib-master\src\external\stb_vorbis.h(4989): warning C4996: 'fopen': This function or variable may be unsafe. Consider using fopen_s instead. To disable deprecation, use _CRT_SECURE_NO_WARNINGS. See online help for details.
  c:\program files (x86)\windows kits\10\include\10.0.16299.0\ucrt\stdio.h(207): note: see declaration of 'fopen'
d:\raylib-master\src\external\jar_xm.h(141): warning C4018: '<': signed/unsigned mismatch
d:\raylib-master\src\external\jar_xm.h(142): warning C4244: '=': conversion from 'float' to 'short', possible loss of data
d:\raylib-master\src\external\jar_xm.h(160): warning C4018: '<': signed/unsigned mismatch
d:\raylib-master\src\external\jar_xm.h(161): warning C4244: '=': conversion from 'float' to 'char', possible loss of data
d:\raylib-master\src\external\jar_xm.h(1458): warning C4244: '=': conversion from 'uint16_t' to 'uint8_t', possible loss of data
d:\raylib-master\src\external\jar_xm.h(1471): warning C4244: 'initializing': conversion from 'float' to 'unsigned int', possible loss of data
d:\raylib-master\src\external\jar_xm.h(1473): warning C4244: 'initializing': conversion from 'float' to 'int8_t', possible loss of data
d:\raylib-master\src\external\jar_xm.h(1744): warning C4244: '=': conversion from 'uint32_t' to 'float', possible loss of data
d:\raylib-master\src\external\jar_xm.h(1779): warning C4244: 'function': conversion from 'int' to 'float', possible loss of data
d:\raylib-master\src\external\jar_xm.h(2233): warning C4244: 'function': conversion from 'int' to 'float', possible loss of data
d:\raylib-master\src\external\jar_xm.h(2368): warning C4244: '=': conversion from 'double' to 'float', possible loss of data
d:\raylib-master\src\external\jar_xm.h(2565): warning C4244: '+=': conversion from 'float' to 'uint64_t', possible loss of data
d:\raylib-master\src\external\jar_xm.h(2625): warning C4018: '<': signed/unsigned mismatch
d:\raylib-master\src\external\jar_xm.h(2607): warning C4996: 'fopen': This function or variable may be unsafe. Consider using fopen_s instead. To disable deprecation, use _CRT_SECURE_NO_WARNINGS. See online help for details.
  c:\program files (x86)\windows kits\10\include\10.0.16299.0\ucrt\stdio.h(207): note: see declaration of 'fopen'
d:\raylib-master\src\external\jar_mod.h(1527): warning C4996: 'fopen': This function or variable may be unsafe. Consider using fopen_s instead. To disable deprecation, use _CRT_SECURE_NO_WARNINGS. See online help for details.
  c:\program files (x86)\windows kits\10\include\10.0.16299.0\ucrt\stdio.h(207): note: see declaration of 'fopen'
d:\raylib-master\src\raudio.c(903): warning C4996: 'fopen': This function or variable may be unsafe. Consider using fopen_s instead. To disable deprecation, use _CRT_SECURE_NO_WARNINGS. See online help for details.
  c:\program files (x86)\windows kits\10\include\10.0.16299.0\ucrt\stdio.h(207): note: see declaration of 'fopen'
d:\raylib-master\src\raudio.c(920): warning C4996: 'fopen': This function or variable may be unsafe. Consider using fopen_s instead. To disable deprecation, use _CRT_SECURE_NO_WARNINGS. See online help for details.
  c:\program files (x86)\windows kits\10\include\10.0.16299.0\ucrt\stdio.h(207): note: see declaration of 'fopen'
d:\raylib-master\src\raudio.c(935): warning C4996: 'strcpy': This function or variable may be unsafe. Consider using strcpy_s instead. To disable deprecation, use _CRT_SECURE_NO_WARNINGS. See online help for details.
  c:\program files (x86)\windows kits\10\include\10.0.16299.0\ucrt\string.h(132): note: see declaration of 'strcpy'
d:\raylib-master\src\raudio.c(1162): warning C4244: '=': conversion from 'drmp3_uint64' to 'unsigned int', possible loss of data
d:\raylib-master\src\raudio.c(1699): warning C4996: 'fopen': This function or variable may be unsafe. Consider using fopen_s instead. To disable deprecation, use _CRT_SECURE_NO_WARNINGS. See online help for details.
  c:\program files (x86)\windows kits\10\include\10.0.16299.0\ucrt\stdio.h(207): note: see declaration of 'fopen'
d:\raylib-master\src\raudio.c(1812): warning C4996: 'fopen': This function or variable may be unsafe. Consider using fopen_s instead. To disable deprecation, use _CRT_SECURE_NO_WARNINGS. See online help for details.
  c:\program files (x86)\windows kits\10\include\10.0.16299.0\ucrt\stdio.h(207): note: see declaration of 'fopen'
  core.c
d:\raylib-master\src\rlgl.h(1629): warning C4090: 'function': different 'const' qualifiers
d:\raylib-master\src\rlgl.h(2894): warning C4996: 'fopen': This function or variable may be unsafe. Consider using fopen_s instead. To disable deprecation, use _CRT_SECURE_NO_WARNINGS. See online help for details.
  c:\program files (x86)\windows kits\10\include\10.0.16299.0\ucrt\stdio.h(207): note: see declaration of 'fopen'
d:\raylib-master\src\external\dirent.h(95): warning C4996: 'strcat': This function or variable may be unsafe. Consider using strcat_s instead. To disable deprecation, use _CRT_SECURE_NO_WARNINGS. See online help for details.
  c:\program files (x86)\windows kits\10\include\10.0.16299.0\ucrt\string.h(89): note: see declaration of 'strcat'
d:\raylib-master\src\core.c(1491): warning C4244: '=': conversion from 'float' to 'unsigned char', possible loss of data
d:\raylib-master\src\core.c(1494): warning C4244: '=': conversion from 'double' to 'float', possible loss of data
d:\raylib-master\src\core.c(1499): warning C4244: '=': conversion from 'float' to 'unsigned char', possible loss of data
d:\raylib-master\src\core.c(1502): warning C4244: '=': conversion from 'double' to 'float', possible loss of data
d:\raylib-master\src\core.c(1507): warning C4244: '=': conversion from 'float' to 'unsigned char', possible loss of data
d:\raylib-master\src\core.c(1486): warning C4244: 'initializing': conversion from 'double' to 'float', possible loss of data
d:\raylib-master\src\core.c(1572): warning C4996: 'strcpy': This function or variable may be unsafe. Consider using strcpy_s instead. To disable deprecation, use _CRT_SECURE_NO_WARNINGS. See online help for details.
  c:\program files (x86)\windows kits\10\include\10.0.16299.0\ucrt\string.h(132): note: see declaration of 'strcpy'
d:\raylib-master\src\core.c(1676): warning C4996: 'strcpy': This function or variable may be unsafe. Consider using strcpy_s instead. To disable deprecation, use _CRT_SECURE_NO_WARNINGS. See online help for details.
  c:\program files (x86)\windows kits\10\include\10.0.16299.0\ucrt\string.h(132): note: see declaration of 'strcpy'
d:\raylib-master\src\core.c(1708): warning C4996: 'strncpy': This function or variable may be unsafe. Consider using strncpy_s instead. To disable deprecation, use _CRT_SECURE_NO_WARNINGS. See online help for details.
  c:\program files (x86)\windows kits\10\include\10.0.16299.0\ucrt\string.h(337): note: see declaration of 'strncpy'
d:\raylib-master\src\core.c(1749): warning C4996: 'strcpy': This function or variable may be unsafe. Consider using strcpy_s instead. To disable deprecation, use _CRT_SECURE_NO_WARNINGS. See online help for details.
  c:\program files (x86)\windows kits\10\include\10.0.16299.0\ucrt\string.h(132): note: see declaration of 'strcpy'
d:\raylib-master\src\core.c(1852): warning C4018: '<': signed/unsigned mismatch
d:\raylib-master\src\core.c(1835): warning C4996: 'strcpy': This function or variable may be unsafe. Consider using strcpy_s instead. To disable deprecation, use _CRT_SECURE_NO_WARNINGS. See online help for details.
  c:\program files (x86)\windows kits\10\include\10.0.16299.0\ucrt\string.h(132): note: see declaration of 'strcpy'
d:\raylib-master\src\core.c(1839): warning C4996: 'fopen': This function or variable may be unsafe. Consider using fopen_s instead. To disable deprecation, use _CRT_SECURE_NO_WARNINGS. See online help for details.
  c:\program files (x86)\windows kits\10\include\10.0.16299.0\ucrt\stdio.h(207): note: see declaration of 'fopen'
d:\raylib-master\src\core.c(1842): warning C4996: 'fopen': This function or variable may be unsafe. Consider using fopen_s instead. To disable deprecation, use _CRT_SECURE_NO_WARNINGS. See online help for details.
  c:\program files (x86)\windows kits\10\include\10.0.16299.0\ucrt\stdio.h(207): note: see declaration of 'fopen'
d:\raylib-master\src\core.c(1875): warning C4996: 'strcpy': This function or variable may be unsafe. Consider using strcpy_s instead. To disable deprecation, use _CRT_SECURE_NO_WARNINGS. See online help for details.
  c:\program files (x86)\windows kits\10\include\10.0.16299.0\ucrt\string.h(132): note: see declaration of 'strcpy'
d:\raylib-master\src\core.c(1879): warning C4996: 'fopen': This function or variable may be unsafe. Consider using fopen_s instead. To disable deprecation, use _CRT_SECURE_NO_WARNINGS. See online help for details.
  c:\program files (x86)\windows kits\10\include\10.0.16299.0\ucrt\stdio.h(207): note: see declaration of 'fopen'
d:\raylib-master\src\core.c(1920): warning C4996: 'sprintf': This function or variable may be unsafe. Consider using sprintf_s instead. To disable deprecation, use _CRT_SECURE_NO_WARNINGS. See online help for details.
  c:\program files (x86)\windows kits\10\include\10.0.16299.0\ucrt\stdio.h(1772): note: see declaration of 'sprintf'
d:\raylib-master\src\core.c(2887): warning C4018: '>': signed/unsigned mismatch
d:\raylib-master\src\core.c(2922): warning C4018: '<': signed/unsigned mismatch
d:\raylib-master\src\core.c(3283): warning C4996: 'strcpy': This function or variable may be unsafe. Consider using strcpy_s instead. To disable deprecation, use _CRT_SECURE_NO_WARNINGS. See online help for details.
  c:\program files (x86)\windows kits\10\include\10.0.16299.0\ucrt\string.h(132): note: see declaration of 'strcpy'
d:\raylib-master\src\core.c(3437): warning C4996: 'strcpy': This function or variable may be unsafe. Consider using strcpy_s instead. To disable deprecation, use _CRT_SECURE_NO_WARNINGS. See online help for details.
  c:\program files (x86)\windows kits\10\include\10.0.16299.0\ucrt\string.h(132): note: see declaration of 'strcpy'
  models.c
d:\raylib-master\src\external\par_shapes.h(273): warning C4244: 'initializing': conversion from 'double' to 'float', possible loss of data
d:\raylib-master\src\external\par_shapes.h(305): warning C4305: 'function': truncation from 'double' to 'float'
d:\raylib-master\src\external\par_shapes.h(335): warning C4305: 'function': truncation from 'double' to 'float'
d:\raylib-master\src\external\par_shapes.h(346): warning C4305: 'function': truncation from 'double' to 'float'
d:\raylib-master\src\external\par_shapes.h(470): warning C4996: 'fopen': This function or variable may be unsafe. Consider using fopen_s instead. To disable deprecation, use _CRT_SECURE_NO_WARNINGS. See online help for details.
  c:\program files (x86)\windows kits\10\include\10.0.16299.0\ucrt\stdio.h(207): note: see declaration of 'fopen'
d:\raylib-master\src\external\par_shapes.h(534): warning C4244: 'initializing': conversion from 'double' to 'float', possible loss of data
d:\raylib-master\src\external\par_shapes.h(535): warning C4244: 'initializing': conversion from 'double' to 'float', possible loss of data
d:\raylib-master\src\external\par_shapes.h(543): warning C4244: 'initializing': conversion from 'double' to 'float', possible loss of data
d:\raylib-master\src\external\par_shapes.h(544): warning C4244: 'initializing': conversion from 'double' to 'float', possible loss of data
d:\raylib-master\src\external\par_shapes.h(568): warning C4244: 'function': conversion from 'double' to 'float', possible loss of data
d:\raylib-master\src\external\par_shapes.h(559): warning C4244: 'initializing': conversion from 'double' to 'float', possible loss of data
d:\raylib-master\src\external\par_shapes.h(560): warning C4244: 'initializing': conversion from 'double' to 'float', possible loss of data
d:\raylib-master\src\external\par_shapes.h(576): warning C4244: 'initializing': conversion from 'double' to 'float', possible loss of data
d:\raylib-master\src\external\par_shapes.h(586): warning C4244: 'initializing': conversion from 'double' to 'float', possible loss of data
d:\raylib-master\src\external\par_shapes.h(587): warning C4244: 'initializing': conversion from 'double' to 'float', possible loss of data
d:\raylib-master\src\external\par_shapes.h(609): warning C4244: '=': conversion from 'double' to 'float', possible loss of data
d:\raylib-master\src\external\par_shapes.h(611): warning C4244: '=': conversion from 'double' to 'float', possible loss of data
d:\raylib-master\src\external\par_shapes.h(612): warning C4244: '=': conversion from 'double' to 'float', possible loss of data
d:\raylib-master\src\external\par_shapes.h(618): warning C4244: '=': conversion from 'double' to 'float', possible loss of data
d:\raylib-master\src\external\par_shapes.h(619): warning C4244: '=': conversion from 'double' to 'float', possible loss of data
d:\raylib-master\src\external\par_shapes.h(620): warning C4244: '=': conversion from 'double' to 'float', possible loss of data
d:\raylib-master\src\external\par_shapes.h(601): warning C4244: 'initializing': conversion from 'double' to 'const float', possible loss of data
d:\raylib-master\src\external\par_shapes.h(602): warning C4244: 'initializing': conversion from 'double' to 'const float', possible loss of data
d:\raylib-master\src\external\par_shapes.h(603): warning C4244: 'initializing': conversion from 'double' to 'const float', possible loss of data
d:\raylib-master\src\external\par_shapes.h(604): warning C4244: 'initializing': conversion from 'double' to 'const float', possible loss of data
d:\raylib-master\src\external\par_shapes.h(605): warning C4244: 'initializing': conversion from 'double' to 'const float', possible loss of data
d:\raylib-master\src\external\par_shapes.h(606): warning C4244: 'initializing': conversion from 'double' to 'const float', possible loss of data
d:\raylib-master\src\external\par_shapes.h(670): warning C4244: '=': conversion from 'double' to 'float', possible loss of data
d:\raylib-master\src\external\par_shapes.h(671): warning C4244: '=': conversion from 'double' to 'float', possible loss of data
d:\raylib-master\src\external\par_shapes.h(695): warning C4244: 'function': conversion from 'double' to 'float', possible loss of data
d:\raylib-master\src\external\par_shapes.h(669): warning C4244: 'initializing': conversion from 'double' to 'float', possible loss of data
d:\raylib-master\src\external\par_shapes.h(805): warning C4305: 'initializing': truncation from 'double' to 'float'
d:\raylib-master\src\external\par_shapes.h(853): warning C4305: 'initializing': truncation from 'double' to 'float'
d:\raylib-master\src\external\par_shapes.h(953): warning C4305: 'initializing': truncation from 'double' to 'float'
d:\raylib-master\src\external\par_shapes.h(1283): warning C4244: '=': conversion from 'double' to 'float', possible loss of data
d:\raylib-master\src\external\par_shapes.h(1285): warning C4244: 'function': conversion from 'double' to 'float', possible loss of data
d:\raylib-master\src\external\par_shapes.h(1287): warning C4244: 'function': conversion from 'double' to 'float', possible loss of data
d:\raylib-master\src\external\par_shapes.h(1289): warning C4244: 'function': conversion from 'double' to 'float', possible loss of data
d:\raylib-master\src\external\par_shapes.h(1150): warning C4996: 'strcpy': This function or variable may be unsafe. Consider using strcpy_s instead. To disable deprecation, use _CRT_SECURE_NO_WARNINGS. See online help for details.
  c:\program files (x86)\windows kits\10\include\10.0.16299.0\ucrt\string.h(132): note: see declaration of 'strcpy'
d:\raylib-master\src\external\par_shapes.h(1151): warning C4996: 'strtok': This function or variable may be unsafe. Consider using strtok_s instead. To disable deprecation, use _CRT_SECURE_NO_WARNINGS. See online help for details.
  c:\program files (x86)\windows kits\10\include\10.0.16299.0\ucrt\string.h(439): note: see declaration of 'strtok'
d:\raylib-master\src\external\par_shapes.h(1155): warning C4996: 'strtok': This function or variable may be unsafe. Consider using strtok_s instead. To disable deprecation, use _CRT_SECURE_NO_WARNINGS. See online help for details.
  c:\program files (x86)\windows kits\10\include\10.0.16299.0\ucrt\string.h(439): note: see declaration of 'strtok'
d:\raylib-master\src\external\par_shapes.h(1165): warning C4996: 'strtok': This function or variable may be unsafe. Consider using strtok_s instead. To disable deprecation, use _CRT_SECURE_NO_WARNINGS. See online help for details.
  c:\program files (x86)\windows kits\10\include\10.0.16299.0\ucrt\string.h(439): note: see declaration of 'strtok'
d:\raylib-master\src\external\par_shapes.h(1181): warning C4996: 'strcpy': This function or variable may be unsafe. Consider using strcpy_s instead. To disable deprecation, use _CRT_SECURE_NO_WARNINGS. See online help for details.
  c:\program files (x86)\windows kits\10\include\10.0.16299.0\ucrt\string.h(132): note: see declaration of 'strcpy'
d:\raylib-master\src\external\par_shapes.h(1182): warning C4996: 'strtok': This function or variable may be unsafe. Consider using strtok_s instead. To disable deprecation, use _CRT_SECURE_NO_WARNINGS. See online help for details.
  c:\program files (x86)\windows kits\10\include\10.0.16299.0\ucrt\string.h(439): note: see declaration of 'strtok'
d:\raylib-master\src\external\par_shapes.h(1184): warning C4996: 'strtok': This function or variable may be unsafe. Consider using strtok_s instead. To disable deprecation, use _CRT_SECURE_NO_WARNINGS. See online help for details.
  c:\program files (x86)\windows kits\10\include\10.0.16299.0\ucrt\string.h(439): note: see declaration of 'strtok'
d:\raylib-master\src\external\par_shapes.h(1206): warning C4996: 'strtok': This function or variable may be unsafe. Consider using strtok_s instead. To disable deprecation, use _CRT_SECURE_NO_WARNINGS. See online help for details.
  c:\program files (x86)\windows kits\10\include\10.0.16299.0\ucrt\string.h(439): note: see declaration of 'strtok'
d:\raylib-master\src\external\par_shapes.h(1446): warning C4305: 'function': truncation from 'double' to 'float'
d:\raylib-master\src\external\par_shapes.h(1463): warning C4244: '*=': conversion from 'double' to 'float', possible loss of data
d:\raylib-master\src\external\par_shapes.h(1464): warning C4244: '*=': conversion from 'double' to 'float', possible loss of data
d:\raylib-master\src\external\par_shapes.h(1465): warning C4244: '*=': conversion from 'double' to 'float', possible loss of data
d:\raylib-master\src\external\par_shapes.h(1467): warning C4244: '=': conversion from 'double' to 'float', possible loss of data
d:\raylib-master\src\external\par_shapes.h(1747): warning C4244: 'function': conversion from 'double' to 'float', possible loss of data
d:\raylib-master\src\external\par_shapes.h(1716): warning C4244: 'initializing': conversion from 'int' to 'float', possible loss of data
d:\raylib-master\src\models.c(685): warning C4996: 'fopen': This function or variable may be unsafe. Consider using fopen_s instead. To disable deprecation, use _CRT_SECURE_NO_WARNINGS. See online help for details.
  c:\program files (x86)\windows kits\10\include\10.0.16299.0\ucrt\stdio.h(207): note: see declaration of 'fopen'
d:\raylib-master\src\models.c(2340): warning C4996: 'fopen': This function or variable may be unsafe. Consider using fopen_s instead. To disable deprecation, use _CRT_SECURE_NO_WARNINGS. See online help for details.
  c:\program files (x86)\windows kits\10\include\10.0.16299.0\ucrt\stdio.h(207): note: see declaration of 'fopen'
d:\raylib-master\src\models.c(2354): warning C4996: 'fscanf': This function or variable may be unsafe. Consider using fscanf_s instead. To disable deprecation, use _CRT_SECURE_NO_WARNINGS. See online help for details.
  c:\program files (x86)\windows kits\10\include\10.0.16299.0\ucrt\stdio.h(1195): note: see declaration of 'fscanf'
d:\raylib-master\src\models.c(2369): warning C4996: 'fscanf': This function or variable may be unsafe. Consider using fscanf_s instead. To disable deprecation, use _CRT_SECURE_NO_WARNINGS. See online help for details.
  c:\program files (x86)\windows kits\10\include\10.0.16299.0\ucrt\stdio.h(1195): note: see declaration of 'fscanf'
d:\raylib-master\src\models.c(2419): warning C4996: 'fscanf': This function or variable may be unsafe. Consider using fscanf_s instead. To disable deprecation, use _CRT_SECURE_NO_WARNINGS. See online help for details.
  c:\program files (x86)\windows kits\10\include\10.0.16299.0\ucrt\stdio.h(1195): note: see declaration of 'fscanf'
d:\raylib-master\src\models.c(2426): warning C4996: 'fscanf': This function or variable may be unsafe. Consider using fscanf_s instead. To disable deprecation, use _CRT_SECURE_NO_WARNINGS. See online help for details.
  c:\program files (x86)\windows kits\10\include\10.0.16299.0\ucrt\stdio.h(1195): note: see declaration of 'fscanf'
d:\raylib-master\src\models.c(2430): warning C4996: 'fscanf': This function or variable may be unsafe. Consider using fscanf_s instead. To disable deprecation, use _CRT_SECURE_NO_WARNINGS. See online help for details.
  c:\program files (x86)\windows kits\10\include\10.0.16299.0\ucrt\stdio.h(1195): note: see declaration of 'fscanf'
d:\raylib-master\src\models.c(2433): warning C4996: 'fscanf': This function or variable may be unsafe. Consider using fscanf_s instead. To disable deprecation, use _CRT_SECURE_NO_WARNINGS. See online help for details.
  c:\program files (x86)\windows kits\10\include\10.0.16299.0\ucrt\stdio.h(1195): note: see declaration of 'fscanf'
d:\raylib-master\src\models.c(2437): warning C4996: 'fscanf': This function or variable may be unsafe. Consider using fscanf_s instead. To disable deprecation, use _CRT_SECURE_NO_WARNINGS. See online help for details.
  c:\program files (x86)\windows kits\10\include\10.0.16299.0\ucrt\stdio.h(1195): note: see declaration of 'fscanf'
d:\raylib-master\src\models.c(2440): warning C4996: 'fscanf': This function or variable may be unsafe. Consider using fscanf_s instead. To disable deprecation, use _CRT_SECURE_NO_WARNINGS. See online help for details.
  c:\program files (x86)\windows kits\10\include\10.0.16299.0\ucrt\stdio.h(1195): note: see declaration of 'fscanf'
d:\raylib-master\src\models.c(2444): warning C4996: 'fscanf': This function or variable may be unsafe. Consider using fscanf_s instead. To disable deprecation, use _CRT_SECURE_NO_WARNINGS. See online help for details.
  c:\program files (x86)\windows kits\10\include\10.0.16299.0\ucrt\stdio.h(1195): note: see declaration of 'fscanf'
d:\raylib-master\src\models.c(2447): warning C4996: 'fscanf': This function or variable may be unsafe. Consider using fscanf_s instead. To disable deprecation, use _CRT_SECURE_NO_WARNINGS. See online help for details.
  c:\program files (x86)\windows kits\10\include\10.0.16299.0\ucrt\stdio.h(1195): note: see declaration of 'fscanf'
d:\raylib-master\src\models.c(2478): warning C4996: 'fscanf': This function or variable may be unsafe. Consider using fscanf_s instead. To disable deprecation, use _CRT_SECURE_NO_WARNINGS. See online help for details.
  c:\program files (x86)\windows kits\10\include\10.0.16299.0\ucrt\stdio.h(1195): note: see declaration of 'fscanf'
d:\raylib-master\src\models.c(2487): warning C4996: 'fscanf': This function or variable may be unsafe. Consider using fscanf_s instead. To disable deprecation, use _CRT_SECURE_NO_WARNINGS. See online help for details.
  c:\program files (x86)\windows kits\10\include\10.0.16299.0\ucrt\stdio.h(1195): note: see declaration of 'fscanf'
d:\raylib-master\src\models.c(2488): warning C4996: 'fscanf': This function or variable may be unsafe. Consider using fscanf_s instead. To disable deprecation, use _CRT_SECURE_NO_WARNINGS. See online help for details.
  c:\program files (x86)\windows kits\10\include\10.0.16299.0\ucrt\stdio.h(1195): note: see declaration of 'fscanf'
d:\raylib-master\src\models.c(2489): warning C4996: 'fscanf': This function or variable may be unsafe. Consider using fscanf_s instead. To disable deprecation, use _CRT_SECURE_NO_WARNINGS. See online help for details.
  c:\program files (x86)\windows kits\10\include\10.0.16299.0\ucrt\stdio.h(1195): note: see declaration of 'fscanf'
d:\raylib-master\src\models.c(2490): warning C4996: 'fscanf': This function or variable may be unsafe. Consider using fscanf_s instead. To disable deprecation, use _CRT_SECURE_NO_WARNINGS. See online help for details.
  c:\program files (x86)\windows kits\10\include\10.0.16299.0\ucrt\stdio.h(1195): note: see declaration of 'fscanf'
d:\raylib-master\src\models.c(2589): warning C4996: 'fopen': This function or variable may be unsafe. Consider using fopen_s instead. To disable deprecation, use _CRT_SECURE_NO_WARNINGS. See online help for details.
  c:\program files (x86)\windows kits\10\include\10.0.16299.0\ucrt\stdio.h(207): note: see declaration of 'fopen'
d:\raylib-master\src\models.c(2606): warning C4996: 'sscanf': This function or variable may be unsafe. Consider using sscanf_s instead. To disable deprecation, use _CRT_SECURE_NO_WARNINGS. See online help for details.
  c:\program files (x86)\windows kits\10\include\10.0.16299.0\ucrt\stdio.h(2261): note: see declaration of 'sscanf'
d:\raylib-master\src\models.c(2620): warning C4996: 'sscanf': This function or variable may be unsafe. Consider using sscanf_s instead. To disable deprecation, use _CRT_SECURE_NO_WARNINGS. See online help for details.
  c:\program files (x86)\windows kits\10\include\10.0.16299.0\ucrt\stdio.h(2261): note: see declaration of 'sscanf'
d:\raylib-master\src\models.c(2628): warning C4996: 'sscanf': This function or variable may be unsafe. Consider using sscanf_s instead. To disable deprecation, use _CRT_SECURE_NO_WARNINGS. See online help for details.
  c:\program files (x86)\windows kits\10\include\10.0.16299.0\ucrt\stdio.h(2261): note: see declaration of 'sscanf'
d:\raylib-master\src\models.c(2635): warning C4996: 'sscanf': This function or variable may be unsafe. Consider using sscanf_s instead. To disable deprecation, use _CRT_SECURE_NO_WARNINGS. See online help for details.
  c:\program files (x86)\windows kits\10\include\10.0.16299.0\ucrt\stdio.h(2261): note: see declaration of 'sscanf'
d:\raylib-master\src\models.c(2652): warning C4996: 'sscanf': This function or variable may be unsafe. Consider using sscanf_s instead. To disable deprecation, use _CRT_SECURE_NO_WARNINGS. See online help for details.
  c:\program files (x86)\windows kits\10\include\10.0.16299.0\ucrt\stdio.h(2261): note: see declaration of 'sscanf'
d:\raylib-master\src\models.c(2669): warning C4996: 'sscanf': This function or variable may be unsafe. Consider using sscanf_s instead. To disable deprecation, use _CRT_SECURE_NO_WARNINGS. See online help for details.
  c:\program files (x86)\windows kits\10\include\10.0.16299.0\ucrt\stdio.h(2261): note: see declaration of 'sscanf'
d:\raylib-master\src\models.c(2674): warning C4996: 'sscanf': This function or variable may be unsafe. Consider using sscanf_s instead. To disable deprecation, use _CRT_SECURE_NO_WARNINGS. See online help for details.
  c:\program files (x86)\windows kits\10\include\10.0.16299.0\ucrt\stdio.h(2261): note: see declaration of 'sscanf'
d:\raylib-master\src\models.c(2684): warning C4996: 'sscanf': This function or variable may be unsafe. Consider using sscanf_s instead. To disable deprecation, use _CRT_SECURE_NO_WARNINGS. See online help for details.
  c:\program files (x86)\windows kits\10\include\10.0.16299.0\ucrt\stdio.h(2261): note: see declaration of 'sscanf'
d:\raylib-master\src\models.c(2689): warning C4996: 'sscanf': This function or variable may be unsafe. Consider using sscanf_s instead. To disable deprecation, use _CRT_SECURE_NO_WARNINGS. See online help for details.
  c:\program files (x86)\windows kits\10\include\10.0.16299.0\ucrt\stdio.h(2261): note: see declaration of 'sscanf'
d:\raylib-master\src\models.c(2704): warning C4996: 'sscanf': This function or variable may be unsafe. Consider using sscanf_s instead. To disable deprecation, use _CRT_SECURE_NO_WARNINGS. See online help for details.
  c:\program files (x86)\windows kits\10\include\10.0.16299.0\ucrt\stdio.h(2261): note: see declaration of 'sscanf'
d:\raylib-master\src\models.c(2714): warning C4996: 'sscanf': This function or variable may be unsafe. Consider using sscanf_s instead. To disable deprecation, use _CRT_SECURE_NO_WARNINGS. See online help for details.
  c:\program files (x86)\windows kits\10\include\10.0.16299.0\ucrt\stdio.h(2261): note: see declaration of 'sscanf'
d:\raylib-master\src\models.c(2720): warning C4996: 'sscanf': This function or variable may be unsafe. Consider using sscanf_s instead. To disable deprecation, use _CRT_SECURE_NO_WARNINGS. See online help for details.
  c:\program files (x86)\windows kits\10\include\10.0.16299.0\ucrt\stdio.h(2261): note: see declaration of 'sscanf'
  rglfw.c
d:\raylib-master\src\external\glfw\src\context.c(405): warning C4996: 'sscanf': This function or variable may be unsafe. Consider using sscanf_s instead. To disable deprecation, use _CRT_SECURE_NO_WARNINGS. See online help for details.
  c:\program files (x86)\windows kits\10\include\10.0.16299.0\ucrt\stdio.h(2261): note: see declaration of 'sscanf'
d:\raylib-master\src\external\glfw\src\init.c(118): warning C4996: 'strcpy': This function or variable may be unsafe. Consider using strcpy_s instead. To disable deprecation, use _CRT_SECURE_NO_WARNINGS. See online help for details.
  c:\program files (x86)\windows kits\10\include\10.0.16299.0\ucrt\string.h(132): note: see declaration of 'strcpy'
d:\raylib-master\src\external\glfw\src\init.c(171): warning C4996: 'strcpy': This function or variable may be unsafe. Consider using strcpy_s instead. To disable deprecation, use _CRT_SECURE_NO_WARNINGS. See online help for details.
  c:\program files (x86)\windows kits\10\include\10.0.16299.0\ucrt\string.h(132): note: see declaration of 'strcpy'
d:\raylib-master\src\external\glfw\src\init.c(173): warning C4996: 'strcpy': This function or variable may be unsafe. Consider using strcpy_s instead. To disable deprecation, use _CRT_SECURE_NO_WARNINGS. See online help for details.
  c:\program files (x86)\windows kits\10\include\10.0.16299.0\ucrt\string.h(132): note: see declaration of 'strcpy'
d:\raylib-master\src\external\glfw\src\init.c(175): warning C4996: 'strcpy': This function or variable may be unsafe. Consider using strcpy_s instead. To disable deprecation, use _CRT_SECURE_NO_WARNINGS. See online help for details.
  c:\program files (x86)\windows kits\10\include\10.0.16299.0\ucrt\string.h(132): note: see declaration of 'strcpy'
d:\raylib-master\src\external\glfw\src\init.c(177): warning C4996: 'strcpy': This function or variable may be unsafe. Consider using strcpy_s instead. To disable deprecation, use _CRT_SECURE_NO_WARNINGS. See online help for details.
  c:\program files (x86)\windows kits\10\include\10.0.16299.0\ucrt\string.h(132): note: see declaration of 'strcpy'
d:\raylib-master\src\external\glfw\src\init.c(179): warning C4996: 'strcpy': This function or variable may be unsafe. Consider using strcpy_s instead. To disable deprecation, use _CRT_SECURE_NO_WARNINGS. See online help for details.
  c:\program files (x86)\windows kits\10\include\10.0.16299.0\ucrt\string.h(132): note: see declaration of 'strcpy'
d:\raylib-master\src\external\glfw\src\init.c(181): warning C4996: 'strcpy': This function or variable may be unsafe. Consider using strcpy_s instead. To disable deprecation, use _CRT_SECURE_NO_WARNINGS. See online help for details.
  c:\program files (x86)\windows kits\10\include\10.0.16299.0\ucrt\string.h(132): note: see declaration of 'strcpy'
d:\raylib-master\src\external\glfw\src\init.c(183): warning C4996: 'strcpy': This function or variable may be unsafe. Consider using strcpy_s instead. To disable deprecation, use _CRT_SECURE_NO_WARNINGS. See online help for details.
  c:\program files (x86)\windows kits\10\include\10.0.16299.0\ucrt\string.h(132): note: see declaration of 'strcpy'
d:\raylib-master\src\external\glfw\src\init.c(185): warning C4996: 'strcpy': This function or variable may be unsafe. Consider using strcpy_s instead. To disable deprecation, use _CRT_SECURE_NO_WARNINGS. See online help for details.
  c:\program files (x86)\windows kits\10\include\10.0.16299.0\ucrt\string.h(132): note: see declaration of 'strcpy'
d:\raylib-master\src\external\glfw\src\init.c(187): warning C4996: 'strcpy': This function or variable may be unsafe. Consider using strcpy_s instead. To disable deprecation, use _CRT_SECURE_NO_WARNINGS. See online help for details.
  c:\program files (x86)\windows kits\10\include\10.0.16299.0\ucrt\string.h(132): note: see declaration of 'strcpy'
d:\raylib-master\src\external\glfw\src\init.c(189): warning C4996: 'strcpy': This function or variable may be unsafe. Consider using strcpy_s instead. To disable deprecation, use _CRT_SECURE_NO_WARNINGS. See online help for details.
  c:\program files (x86)\windows kits\10\include\10.0.16299.0\ucrt\string.h(132): note: see declaration of 'strcpy'
d:\raylib-master\src\external\glfw\src\init.c(191): warning C4996: 'strcpy': This function or variable may be unsafe. Consider using strcpy_s instead. To disable deprecation, use _CRT_SECURE_NO_WARNINGS. See online help for details.
  c:\program files (x86)\windows kits\10\include\10.0.16299.0\ucrt\string.h(132): note: see declaration of 'strcpy'
d:\raylib-master\src\external\glfw\src\init.c(211): warning C4996: 'strcpy': This function or variable may be unsafe. Consider using strcpy_s instead. To disable deprecation, use _CRT_SECURE_NO_WARNINGS. See online help for details.
  c:\program files (x86)\windows kits\10\include\10.0.16299.0\ucrt\string.h(132): note: see declaration of 'strcpy'
d:\raylib-master\src\external\glfw\src\input.c(439): warning C4996: 'strcpy': This function or variable may be unsafe. Consider using strcpy_s instead. To disable deprecation, use _CRT_SECURE_NO_WARNINGS. See online help for details.
  c:\program files (x86)\windows kits\10\include\10.0.16299.0\ucrt\string.h(132): note: see declaration of 'strcpy'
d:\raylib-master\src\external\glfw\src\window.c(428): warning C4996: 'strncpy': This function or variable may be unsafe. Consider using strncpy_s instead. To disable deprecation, use _CRT_SECURE_NO_WARNINGS. See online help for details.
  c:\program files (x86)\windows kits\10\include\10.0.16299.0\ucrt\string.h(337): note: see declaration of 'strncpy'
d:\raylib-master\src\external\glfw\src\window.c(432): warning C4996: 'strncpy': This function or variable may be unsafe. Consider using strncpy_s instead. To disable deprecation, use _CRT_SECURE_NO_WARNINGS. See online help for details.
  c:\program files (x86)\windows kits\10\include\10.0.16299.0\ucrt\string.h(337): note: see declaration of 'strncpy'
d:\raylib-master\src\external\glfw\src\window.c(436): warning C4996: 'strncpy': This function or variable may be unsafe. Consider using strncpy_s instead. To disable deprecation, use _CRT_SECURE_NO_WARNINGS. See online help for details.
  c:\program files (x86)\windows kits\10\include\10.0.16299.0\ucrt\string.h(337): note: see declaration of 'strncpy'
d:\raylib-master\src\external\glfw\src\win32_joystick.c(453): warning C4996: 'sprintf': This function or variable may be unsafe. Consider using sprintf_s instead. To disable deprecation, use _CRT_SECURE_NO_WARNINGS. See online help for details.
  c:\program files (x86)\windows kits\10\include\10.0.16299.0\ucrt\stdio.h(1772): note: see declaration of 'sprintf'
d:\raylib-master\src\external\glfw\src\win32_joystick.c(461): warning C4996: 'sprintf': This function or variable may be unsafe. Consider using sprintf_s instead. To disable deprecation, use _CRT_SECURE_NO_WARNINGS. See online help for details.
  c:\program files (x86)\windows kits\10\include\10.0.16299.0\ucrt\stdio.h(1772): note: see declaration of 'sprintf'
d:\raylib-master\src\external\glfw\src\win32_joystick.c(557): warning C4996: 'sprintf': This function or variable may be unsafe. Consider using sprintf_s instead. To disable deprecation, use _CRT_SECURE_NO_WARNINGS. See online help for details.
  c:\program files (x86)\windows kits\10\include\10.0.16299.0\ucrt\stdio.h(1772): note: see declaration of 'sprintf'
d:\raylib-master\src\external\glfw\src\win32_joystick.c(748): warning C4996: 'strcpy': This function or variable may be unsafe. Consider using strcpy_s instead. To disable deprecation, use _CRT_SECURE_NO_WARNINGS. See online help for details.
  c:\program files (x86)\windows kits\10\include\10.0.16299.0\ucrt\string.h(132): note: see declaration of 'strcpy'
d:\raylib-master\src\external\glfw\src\win32_joystick.c(749): warning C4996: 'sprintf': This function or variable may be unsafe. Consider using sprintf_s instead. To disable deprecation, use _CRT_SECURE_NO_WARNINGS. See online help for details.
  c:\program files (x86)\windows kits\10\include\10.0.16299.0\ucrt\stdio.h(1772): note: see declaration of 'sprintf'
d:\raylib-master\src\external\glfw\src\win32_monitor.c(101): warning C4996: 'wcscpy': This function or variable may be unsafe. Consider using wcscpy_s instead. To disable deprecation, use _CRT_SECURE_NO_WARNINGS. See online help for details.
  c:\program files (x86)\windows kits\10\include\10.0.16299.0\ucrt\corecrt_wstring.h(123): note: see declaration of 'wcscpy'
d:\raylib-master\src\external\glfw\src\win32_monitor.c(110): warning C4996: 'wcscpy': This function or variable may be unsafe. Consider using wcscpy_s instead. To disable deprecation, use _CRT_SECURE_NO_WARNINGS. See online help for details.
  c:\program files (x86)\windows kits\10\include\10.0.16299.0\ucrt\corecrt_wstring.h(123): note: see declaration of 'wcscpy'
  shapes.c
  text.c
d:\raylib-master\src\text.c(538): warning C4244: '*=': conversion from 'float' to 'int', possible loss of data
d:\raylib-master\src\text.c(460): warning C4996: 'fopen': This function or variable may be unsafe. Consider using fopen_s instead. To disable deprecation, use _CRT_SECURE_NO_WARNINGS. See online help for details.
  c:\program files (x86)\windows kits\10\include\10.0.16299.0\ucrt\stdio.h(207): note: see declaration of 'fopen'
d:\raylib-master\src\text.c(906): warning C4244: 'initializing': conversion from 'int' to 'float', possible loss of data
d:\raylib-master\src\text.c(1069): warning C4996: 'vsprintf': This function or variable may be unsafe. Consider using vsprintf_s instead. To disable deprecation, use _CRT_SECURE_NO_WARNINGS. See online help for details.
  c:\program files (x86)\windows kits\10\include\10.0.16299.0\ucrt\stdio.h(1467): note: see declaration of 'vsprintf'
d:\raylib-master\src\text.c(1142): warning C4996: 'strncpy': This function or variable may be unsafe. Consider using strncpy_s instead. To disable deprecation, use _CRT_SECURE_NO_WARNINGS. See online help for details.
  c:\program files (x86)\windows kits\10\include\10.0.16299.0\ucrt\string.h(337): note: see declaration of 'strncpy'
d:\raylib-master\src\text.c(1143): warning C4996: 'strcpy': This function or variable may be unsafe. Consider using strcpy_s instead. To disable deprecation, use _CRT_SECURE_NO_WARNINGS. See online help for details.
  c:\program files (x86)\windows kits\10\include\10.0.16299.0\ucrt\string.h(132): note: see declaration of 'strcpy'
d:\raylib-master\src\text.c(1148): warning C4996: 'strcpy': This function or variable may be unsafe. Consider using strcpy_s instead. To disable deprecation, use _CRT_SECURE_NO_WARNINGS. See online help for details.
  c:\program files (x86)\windows kits\10\include\10.0.16299.0\ucrt\string.h(132): note: see declaration of 'strcpy'
d:\raylib-master\src\text.c(1185): warning C4996: 'strcat': This function or variable may be unsafe. Consider using strcat_s instead. To disable deprecation, use _CRT_SECURE_NO_WARNINGS. See online help for details.
  c:\program files (x86)\windows kits\10\include\10.0.16299.0\ucrt\string.h(89): note: see declaration of 'strcat'
d:\raylib-master\src\text.c(1186): warning C4996: 'strcat': This function or variable may be unsafe. Consider using strcat_s instead. To disable deprecation, use _CRT_SECURE_NO_WARNINGS. See online help for details.
  c:\program files (x86)\windows kits\10\include\10.0.16299.0\ucrt\string.h(89): note: see declaration of 'strcat'
d:\raylib-master\src\text.c(1233): warning C4996: 'strcpy': This function or variable may be unsafe. Consider using strcpy_s instead. To disable deprecation, use _CRT_SECURE_NO_WARNINGS. See online help for details.
  c:\program files (x86)\windows kits\10\include\10.0.16299.0\ucrt\string.h(132): note: see declaration of 'strcpy'
d:\raylib-master\src\text.c(1352): warning C4996: 'fopen': This function or variable may be unsafe. Consider using fopen_s instead. To disable deprecation, use _CRT_SECURE_NO_WARNINGS. See online help for details.
  c:\program files (x86)\windows kits\10\include\10.0.16299.0\ucrt\stdio.h(207): note: see declaration of 'fopen'
d:\raylib-master\src\text.c(1367): warning C4996: 'sscanf': This function or variable may be unsafe. Consider using sscanf_s instead. To disable deprecation, use _CRT_SECURE_NO_WARNINGS. See online help for details.
  c:\program files (x86)\windows kits\10\include\10.0.16299.0\ucrt\stdio.h(2261): note: see declaration of 'sscanf'
d:\raylib-master\src\text.c(1374): warning C4996: 'sscanf': This function or variable may be unsafe. Consider using sscanf_s instead. To disable deprecation, use _CRT_SECURE_NO_WARNINGS. See online help for details.
  c:\program files (x86)\windows kits\10\include\10.0.16299.0\ucrt\stdio.h(2261): note: see declaration of 'sscanf'
d:\raylib-master\src\text.c(1380): warning C4996: 'sscanf': This function or variable may be unsafe. Consider using sscanf_s instead. To disable deprecation, use _CRT_SECURE_NO_WARNINGS. See online help for details.
  c:\program files (x86)\windows kits\10\include\10.0.16299.0\ucrt\stdio.h(2261): note: see declaration of 'sscanf'
d:\raylib-master\src\text.c(1399): warning C4996: 'strncat': This function or variable may be unsafe. Consider using strncat_s instead. To disable deprecation, use _CRT_SECURE_NO_WARNINGS. See online help for details.
  c:\program files (x86)\windows kits\10\include\10.0.16299.0\ucrt\string.h(265): note: see declaration of 'strncat'
d:\raylib-master\src\text.c(1400): warning C4996: 'strncat': This function or variable may be unsafe. Consider using strncat_s instead. To disable deprecation, use _CRT_SECURE_NO_WARNINGS. See online help for details.
  c:\program files (x86)\windows kits\10\include\10.0.16299.0\ucrt\string.h(265): note: see declaration of 'strncat'
d:\raylib-master\src\text.c(1432): warning C4996: 'sscanf': This function or variable may be unsafe. Consider using sscanf_s instead. To disable deprecation, use _CRT_SECURE_NO_WARNINGS. See online help for details.
  c:\program files (x86)\windows kits\10\include\10.0.16299.0\ucrt\stdio.h(2261): note: see declaration of 'sscanf'
  textures.c
d:\raylib-master\src\external\stb_image_write.h(742): warning C4996: 'sprintf': This function or variable may be unsafe. Consider using sprintf_s instead. To disable deprecation, use _CRT_SECURE_NO_WARNINGS. See online help for details.
  c:\program files (x86)\windows kits\10\include\10.0.16299.0\ucrt\stdio.h(1772): note: see declaration of 'sprintf'
d:\raylib-master\src\textures.c(214): warning C4996: 'fopen': This function or variable may be unsafe. Consider using fopen_s instead. To disable deprecation, use _CRT_SECURE_NO_WARNINGS. See online help for details.
  c:\program files (x86)\windows kits\10\include\10.0.16299.0\ucrt\stdio.h(207): note: see declaration of 'fopen'
d:\raylib-master\src\textures.c(238): warning C4996: 'fopen': This function or variable may be unsafe. Consider using fopen_s instead. To disable deprecation, use _CRT_SECURE_NO_WARNINGS. See online help for details.
  c:\program files (x86)\windows kits\10\include\10.0.16299.0\ucrt\stdio.h(207): note: see declaration of 'fopen'
d:\raylib-master\src\textures.c(352): warning C4018: '<': signed/unsigned mismatch
d:\raylib-master\src\textures.c(333): warning C4996: 'fopen': This function or variable may be unsafe. Consider using fopen_s instead. To disable deprecation, use _CRT_SECURE_NO_WARNINGS. See online help for details.
  c:\program files (x86)\windows kits\10\include\10.0.16299.0\ucrt\stdio.h(207): note: see declaration of 'fopen'
d:\raylib-master\src\textures.c(773): warning C4996: 'fopen': This function or variable may be unsafe. Consider using fopen_s instead. To disable deprecation, use _CRT_SECURE_NO_WARNINGS. See online help for details.
  c:\program files (x86)\windows kits\10\include\10.0.16299.0\ucrt\stdio.h(207): note: see declaration of 'fopen'
d:\raylib-master\src\textures.c(793): warning C4996: 'fopen': This function or variable may be unsafe. Consider using fopen_s instead. To disable deprecation, use _CRT_SECURE_NO_WARNINGS. See online help for details.
  c:\program files (x86)\windows kits\10\include\10.0.16299.0\ucrt\stdio.h(207): note: see declaration of 'fopen'
d:\raylib-master\src\textures.c(807): warning C4996: 'strcpy': This function or variable may be unsafe. Consider using strcpy_s instead. To disable deprecation, use _CRT_SECURE_NO_WARNINGS. See online help for details.
  c:\program files (x86)\windows kits\10\include\10.0.16299.0\ucrt\string.h(132): note: see declaration of 'strcpy'
d:\raylib-master\src\textures.c(1203): warning C4244: '=': conversion from 'int' to 'float', possible loss of data
d:\raylib-master\src\textures.c(1211): warning C4244: '=': conversion from 'int' to 'float', possible loss of data
d:\raylib-master\src\textures.c(1214): warning C4244: '=': conversion from 'int' to 'float', possible loss of data
d:\raylib-master\src\textures.c(1215): warning C4244: '=': conversion from 'int' to 'float', possible loss of data
d:\raylib-master\src\textures.c(1216): warning C4244: '=': conversion from 'int' to 'float', possible loss of data
d:\raylib-master\src\textures.c(1217): warning C4244: '=': conversion from 'int' to 'float', possible loss of data
d:\raylib-master\src\textures.c(1218): warning C4244: '=': conversion from 'int' to 'float', possible loss of data
d:\raylib-master\src\textures.c(1219): warning C4244: '=': conversion from 'int' to 'float', possible loss of data
d:\raylib-master\src\textures.c(1223): warning C4244: '=': conversion from 'int' to 'float', possible loss of data
d:\raylib-master\src\textures.c(1224): warning C4244: '=': conversion from 'int' to 'float', possible loss of data
d:\raylib-master\src\textures.c(1225): warning C4244: '=': conversion from 'int' to 'float', possible loss of data
d:\raylib-master\src\textures.c(1226): warning C4244: '=': conversion from 'int' to 'float', possible loss of data
d:\raylib-master\src\textures.c(1227): warning C4244: '=': conversion from 'int' to 'float', possible loss of data
d:\raylib-master\src\textures.c(1228): warning C4244: '=': conversion from 'int' to 'float', possible loss of data
d:\raylib-master\src\textures.c(1198): warning C4244: 'initializing': conversion from 'int' to 'float', possible loss of data
d:\raylib-master\src\textures.c(1238): warning C4244: 'initializing': conversion from 'int' to 'float', possible loss of data
d:\raylib-master\src\textures.c(1324): warning C4244: 'initializing': conversion from 'int' to 'float', possible loss of data
d:\raylib-master\src\textures.c(1854): warning C4244: 'initializing': conversion from 'int' to 'float', possible loss of data
d:\raylib-master\src\textures.c(1855): warning C4244: 'initializing': conversion from 'int' to 'float', possible loss of data
d:\raylib-master\src\textures.c(1856): warning C4244: 'initializing': conversion from 'int' to 'float', possible loss of data
d:\raylib-master\src\textures.c(1857): warning C4244: 'initializing': conversion from 'int' to 'float', possible loss of data
d:\raylib-master\src\textures.c(1995): warning C4244: 'initializing': conversion from 'float' to 'unsigned char', possible loss of data
d:\raylib-master\src\textures.c(1996): warning C4244: 'initializing': conversion from 'float' to 'unsigned char', possible loss of data
d:\raylib-master\src\textures.c(1997): warning C4244: 'initializing': conversion from 'float' to 'unsigned char', possible loss of data
d:\raylib-master\src\textures.c(1998): warning C4244: 'initializing': conversion from 'float' to 'unsigned char', possible loss of data
d:\raylib-master\src\textures.c(2832): warning C4996: 'fopen': This function or variable may be unsafe. Consider using fopen_s instead. To disable deprecation, use _CRT_SECURE_NO_WARNINGS. See online help for details.
  c:\program files (x86)\windows kits\10\include\10.0.16299.0\ucrt\stdio.h(207): note: see declaration of 'fopen'
d:\raylib-master\src\textures.c(3105): warning C4996: 'fopen': This function or variable may be unsafe. Consider using fopen_s instead. To disable deprecation, use _CRT_SECURE_NO_WARNINGS. See online help for details.
  c:\program files (x86)\windows kits\10\include\10.0.16299.0\ucrt\stdio.h(207): note: see declaration of 'fopen'
d:\raylib-master\src\textures.c(3189): warning C4996: 'fopen': This function or variable may be unsafe. Consider using fopen_s instead. To disable deprecation, use _CRT_SECURE_NO_WARNINGS. See online help for details.
  c:\program files (x86)\windows kits\10\include\10.0.16299.0\ucrt\stdio.h(207): note: see declaration of 'fopen'
d:\raylib-master\src\textures.c(3203): warning C4996: 'strncpy': This function or variable may be unsafe. Consider using strncpy_s instead. To disable deprecation, use _CRT_SECURE_NO_WARNINGS. See online help for details.
  c:\program files (x86)\windows kits\10\include\10.0.16299.0\ucrt\string.h(337): note: see declaration of 'strncpy'
d:\raylib-master\src\textures.c(3432): warning C4996: 'fopen': This function or variable may be unsafe. Consider using fopen_s instead. To disable deprecation, use _CRT_SECURE_NO_WARNINGS. See online help for details.
  c:\program files (x86)\windows kits\10\include\10.0.16299.0\ucrt\stdio.h(207): note: see declaration of 'fopen'
  utils.c
d:\raylib-master\src\utils.c(133): warning C4996: 'strcpy': This function or variable may be unsafe. Consider using strcpy_s instead. To disable deprecation, use _CRT_SECURE_NO_WARNINGS. See online help for details.
  c:\program files (x86)\windows kits\10\include\10.0.16299.0\ucrt\string.h(132): note: see declaration of 'strcpy'
d:\raylib-master\src\utils.c(134): warning C4996: 'strcpy': This function or variable may be unsafe. Consider using strcpy_s instead. To disable deprecation, use _CRT_SECURE_NO_WARNINGS. See online help for details.
  c:\program files (x86)\windows kits\10\include\10.0.16299.0\ucrt\string.h(132): note: see declaration of 'strcpy'
d:\raylib-master\src\utils.c(135): warning C4996: 'strcpy': This function or variable may be unsafe. Consider using strcpy_s instead. To disable deprecation, use _CRT_SECURE_NO_WARNINGS. See online help for details.
  c:\program files (x86)\windows kits\10\include\10.0.16299.0\ucrt\string.h(132): note: see declaration of 'strcpy'
d:\raylib-master\src\utils.c(136): warning C4996: 'strcpy': This function or variable may be unsafe. Consider using strcpy_s instead. To disable deprecation, use _CRT_SECURE_NO_WARNINGS. See online help for details.
  c:\program files (x86)\windows kits\10\include\10.0.16299.0\ucrt\string.h(132): note: see declaration of 'strcpy'
d:\raylib-master\src\utils.c(137): warning C4996: 'strcpy': This function or variable may be unsafe. Consider using strcpy_s instead. To disable deprecation, use _CRT_SECURE_NO_WARNINGS. See online help for details.
  c:\program files (x86)\windows kits\10\include\10.0.16299.0\ucrt\string.h(132): note: see declaration of 'strcpy'
d:\raylib-master\src\utils.c(138): warning C4996: 'strcpy': This function or variable may be unsafe. Consider using strcpy_s instead. To disable deprecation, use _CRT_SECURE_NO_WARNINGS. See online help for details.
  c:\program files (x86)\windows kits\10\include\10.0.16299.0\ucrt\string.h(132): note: see declaration of 'strcpy'
d:\raylib-master\src\utils.c(142): warning C4996: 'strcat': This function or variable may be unsafe. Consider using strcat_s instead. To disable deprecation, use _CRT_SECURE_NO_WARNINGS. See online help for details.
  c:\program files (x86)\windows kits\10\include\10.0.16299.0\ucrt\string.h(89): note: see declaration of 'strcat'
d:\raylib-master\src\utils.c(143): warning C4996: 'strcat': This function or variable may be unsafe. Consider using strcat_s instead. To disable deprecation, use _CRT_SECURE_NO_WARNINGS. See online help for details.
  c:\program files (x86)\windows kits\10\include\10.0.16299.0\ucrt\string.h(89): note: see declaration of 'strcat'
  Generating Code...
     Creating library D:\raylib-master\projects\VS2017\raylib\Debug.DLL\raylib.lib and object D:\raylib-master\projects\VS2017\raylib\Debug.DLL\raylib.exp
  raylib.vcxproj -> D:\raylib-master\projects\VS2017\raylib\Debug.DLL\raylib.dll
